  Generate moc_predefs.h
  Moc'ing glwidget.h...
  moc_glwidget.cpp
  moc_mainwindow.cpp
  moc_modelindialog.cpp
  glwidget.cpp
C:\Users\barte\Desktop\Dla studenta\\include\Model3D.h(352): warning C4267: 'return': conversion from 'size_t' to 'int', possible loss of data (compiling source file glwidget.cpp)
C:\Users\barte\Desktop\Dla studenta\\include\Model3D.h(352): warning C4267: 'return': conversion from 'size_t' to 'int', possible loss of data (compiling source file .\GeneratedFiles\Release\moc_glwidget.cpp)
C:\Users\barte\Desktop\Dla studenta\\include\Model3D.h(352): warning C4267: 'return': conversion from 'size_t' to 'int', possible loss of data (compiling source file .\GeneratedFiles\Release\moc_modelindialog.cpp)
C:\Users\barte\Desktop\Dla studenta\\include\Model3D.h(352): warning C4267: 'return': conversion from 'size_t' to 'int', possible loss of data (compiling source file .\GeneratedFiles\Release\moc_mainwindow.cpp)
  main.cpp
  mainwindow.cpp
c:\users\barte\documents\projekt1\glwidget.cpp(408): warning C4715: 'GLWidget::getModelStateID': not all control paths return a value
  modelindialog.cpp
c:\users\barte\documents\projekt1\glwidget.cpp(19): warning C4700: uninitialized local variable 'fileHandler' used
C:\Users\barte\Desktop\Dla studenta\\include\Model3D.h(352): warning C4267: 'return': conversion from 'size_t' to 'int', possible loss of data (compiling source file main.cpp)
C:\Users\barte\Desktop\Dla studenta\\include\Model3D.h(352): warning C4267: 'return': conversion from 'size_t' to 'int', possible loss of data (compiling source file mainwindow.cpp)
C:\Users\barte\Desktop\Dla studenta\\include\Model3D.h(352): warning C4267: 'return': conversion from 'size_t' to 'int', possible loss of data (compiling source file modelindialog.cpp)
mainwindow.cpp(345): warning C4189: 'id': local variable is initialized but not referenced
mainwindow.cpp(415): warning C4189: 'id': local variable is initialized but not referenced
mainwindow.cpp(943): warning C4100: 'i': unreferenced formal parameter
mainwindow.cpp(1211): warning C4189: 'model': local variable is initialized but not referenced
mainwindow.cpp(1225): warning C4267: 'initializing': conversion from 'size_t' to 'int', possible loss of data
mainwindow.cpp(1492): warning C4267: 'initializing': conversion from 'size_t' to 'int', possible loss of data
c:\users\barte\documents\projekt1\mainwindow.cpp(648): warning C4700: uninitialized local variable 'fileHandler' used
c:\users\barte\documents\projekt1\mainwindow.cpp(1924): warning C4700: uninitialized local variable 'fileHandler' used
  Model3D.lib(Model3D.obj) : MSIL .netmodule or module compiled with /GL found; restarting link with /LTCG; add /LTCG to the link command line to improve linker performance
  Generating code
  Finished generating code
  projekt1.vcxproj -> C:\Users\barte\Documents\projekt1\release\projekt1.exe
