c:\users\barte\documents\projekt1\x64\release\bonemanagment.obj
c:\users\barte\documents\projekt1\x64\release\glwidget.obj
c:\users\barte\documents\projekt1\x64\release\modelindialog.obj
c:\users\barte\documents\projekt1\x64\release\moc_selectmodelid.obj
c:\users\barte\documents\projekt1\x64\release\moc_camerasconfig.obj
c:\users\barte\documents\projekt1\x64\release\moc_glwidget.obj
c:\users\barte\documents\projekt1\x64\release\filehandler.obj
c:\users\barte\documents\projekt1\x64\release\modelhandler.obj
c:\users\barte\documents\projekt1\x64\release\moc_modelindialog.obj
c:\users\barte\documents\projekt1\x64\release\moc_mainwindow.obj
c:\users\barte\documents\projekt1\x64\release\camerasconfig.obj
c:\users\barte\documents\projekt1\x64\release\bone.obj
c:\users\barte\documents\projekt1\x64\release\main.obj
c:\users\barte\documents\projekt1\x64\release\selectmodelid.obj
c:\users\barte\documents\projekt1\x64\release\moc_cameratypedialog.obj
c:\users\barte\documents\projekt1\x64\release\moc_bonemanagment.obj
c:\users\barte\documents\projekt1\x64\release\moc_avihzdialog.obj
c:\users\barte\documents\projekt1\x64\release\qrc_myresources.obj
c:\users\barte\documents\projekt1\x64\release\avihzdialog.obj
c:\users\barte\documents\projekt1\x64\release\asf.obj
c:\users\barte\documents\projekt1\x64\release\mainwindow.obj
c:\users\barte\documents\projekt1\x64\release\cameratypedialog.obj
c:\users\barte\documents\projekt1\release\moc_predefs.h
c:\users\barte\documents\projekt1\release\projekt1.exe
c:\users\barte\documents\projekt1\generatedfiles\release\moc_cameratypedialog.cpp
c:\users\barte\documents\projekt1\generatedfiles\release\moc_selectmodelid.cpp
c:\users\barte\documents\projekt1\generatedfiles\release\moc_modelindialog.cpp
c:\users\barte\documents\projekt1\generatedfiles\release\moc_bonemanagment.cpp
c:\users\barte\documents\projekt1\generatedfiles\release\moc_camerasconfig.cpp
c:\users\barte\documents\projekt1\generatedfiles\release\moc_avihzdialog.cpp
c:\users\barte\documents\projekt1\generatedfiles\release\moc_glwidget.cpp
c:\users\barte\documents\projekt1\generatedfiles\release\moc_mainwindow.cpp
c:\users\barte\documents\projekt1\generatedfiles\qrc_myresources.cpp
c:\users\barte\documents\projekt1\generatedfiles\ui_bonemanagment.h
c:\users\barte\documents\projekt1\generatedfiles\ui_mainwindow.h
c:\users\barte\documents\projekt1\x64\release\projekt1.tlog\cl.command.1.tlog
c:\users\barte\documents\projekt1\x64\release\projekt1.tlog\cl.read.1.tlog
c:\users\barte\documents\projekt1\x64\release\projekt1.tlog\cl.write.1.tlog
c:\users\barte\documents\projekt1\x64\release\projekt1.tlog\custombuild.command.1.tlog
c:\users\barte\documents\projekt1\x64\release\projekt1.tlog\custombuild.read.1.tlog
c:\users\barte\documents\projekt1\x64\release\projekt1.tlog\custombuild.write.1.tlog
c:\users\barte\documents\projekt1\x64\release\projekt1.tlog\link.command.1.tlog
c:\users\barte\documents\projekt1\x64\release\projekt1.tlog\link.read.1.tlog
c:\users\barte\documents\projekt1\x64\release\projekt1.tlog\link.write.1.tlog
c:\users\barte\documents\projekt1\x64\release\projekt1.tlog\projekt1.write.1u.tlog
