c:\users\barte\documents\projekt1\x64\debug\asf.obj
c:\users\barte\documents\projekt1\x64\debug\qrc_myresources.obj
c:\users\barte\documents\projekt1\x64\debug\bone.obj
c:\users\barte\documents\projekt1\x64\debug\mainwindow.obj
c:\users\barte\documents\projekt1\x64\debug\main.obj
c:\users\barte\documents\projekt1\x64\debug\glwidget.obj
c:\users\barte\documents\projekt1\x64\debug\vc140.pdb
c:\users\barte\documents\projekt1\x64\debug\moc_glwidget.obj
c:\users\barte\documents\projekt1\x64\debug\moc_mainwindow.obj
c:\users\barte\documents\projekt1\debug\moc_predefs.h
c:\users\barte\documents\projekt1\generatedfiles\debug\moc_glwidget.cpp
c:\users\barte\documents\projekt1\generatedfiles\debug\moc_mainwindow.cpp
c:\users\barte\documents\projekt1\generatedfiles\qrc_myresources.cpp
c:\users\barte\documents\projekt1\generatedfiles\ui_mainwindow.h
c:\users\barte\documents\projekt1\x64\debug\projekt1.tlog\cl.command.1.tlog
c:\users\barte\documents\projekt1\x64\debug\projekt1.tlog\cl.read.1.tlog
c:\users\barte\documents\projekt1\x64\debug\projekt1.tlog\cl.write.1.tlog
c:\users\barte\documents\projekt1\x64\debug\projekt1.tlog\custombuild.command.1.tlog
c:\users\barte\documents\projekt1\x64\debug\projekt1.tlog\custombuild.read.1.tlog
c:\users\barte\documents\projekt1\x64\debug\projekt1.tlog\custombuild.write.1.tlog
c:\users\barte\documents\projekt1\x64\debug\projekt1.tlog\link.command.1.tlog
c:\users\barte\documents\projekt1\x64\debug\projekt1.tlog\link.read.1.tlog
c:\users\barte\documents\projekt1\x64\debug\projekt1.tlog\link.write.1.tlog
c:\users\barte\documents\projekt1\x64\debug\projekt1.tlog\projekt1.write.1u.tlog
